# JRE version: OpenJDK Runtime Environment (8.0_152-b01) (build 1.8.0_152-release-1024-b01)
# Java VM: OpenJDK 64-Bit Server VM (25.152-b01 mixed mode linux-amd64 compressed oops)
Heap:
 PSYoungGen      total 346112K, used 49156K [0x00000000e0000000, 0x00000000fc780000, 0x0000000100000000)
  eden space 289792K, 0% used [0x00000000e0000000,0x00000000e0000000,0x00000000f1b00000)
  from space 56320K, 87% used [0x00000000f9080000,0x00000000fc081090,0x00000000fc780000)
  to   space 44544K, 0% used [0x00000000f1b00000,0x00000000f1b00000,0x00000000f4680000)
 ParOldGen       total 147456K, used 117997K [0x00000000a0000000, 0x00000000a9000000, 0x00000000e0000000)
  object space 147456K, 80% used [0x00000000a0000000,0x00000000a733b788,0x00000000a9000000)
 Metaspace       used 80300K, capacity 83796K, committed 84096K, reserved 1122304K
  class space    used 10350K, capacity 11035K, committed 11136K, reserved 1048576K
GC Heap History (10 events):
Event: 143,563 GC heap after
Heap after GC invocations=15 (full 3):
 PSYoungGen      total 262656K, used 21574K [0x00000000e0000000, 0x00000000f2d00000, 0x0000000100000000)
  eden space 240640K, 0% used [0x00000000e0000000,0x00000000e0000000,0x00000000eeb00000)
  from space 22016K, 97% used [0x00000000f1780000,0x00000000f2c91b18,0x00000000f2d00000)
  to   space 26112K, 0% used [0x00000000efa00000,0x00000000efa00000,0x00000000f1380000)
 ParOldGen       total 87552K, used 41992K [0x00000000a0000000, 0x00000000a5580000, 0x00000000e0000000)
  object space 87552K, 47% used [0x00000000a0000000,0x00000000a2902038,0x00000000a5580000)
 Metaspace       used 71568K, capacity 74058K, committed 74112K, reserved 1114112K
  class space    used 9519K, capacity 10078K, committed 10112K, reserved 1048576K
}
Event: 149,679 GC heap before
{Heap before GC invocations=16 (full 3):
 PSYoungGen      total 262656K, used 261242K [0x00000000e0000000, 0x00000000f2d00000, 0x0000000100000000)
  eden space 240640K, 99% used [0x00000000e0000000,0x00000000eea0ce40,0x00000000eeb00000)
  from space 22016K, 97% used [0x00000000f1780000,0x00000000f2c91b18,0x00000000f2d00000)
  to   space 26112K, 0% used [0x00000000efa00000,0x00000000efa00000,0x00000000f1380000)
 ParOldGen       total 87552K, used 41992K [0x00000000a0000000, 0x00000000a5580000, 0x00000000e0000000)
  object space 87552K, 47% used [0x00000000a0000000,0x00000000a2902038,0x00000000a5580000)
 Metaspace       used 74788K, capacity 77446K, committed 77568K, reserved 1116160K
  class space    used 9914K, capacity 10486K, committed 10496K, reserved 1048576K
Event: 149,727 GC heap after
Heap after GC invocations=16 (full 3):
 PSYoungGen      total 282112K, used 24147K [0x00000000e0000000, 0x00000000f6380000, 0x0000000100000000)
  eden space 256000K, 0% used [0x00000000e0000000,0x00000000e0000000,0x00000000efa00000)
  from space 26112K, 92% used [0x00000000efa00000,0x00000000f1194c58,0x00000000f1380000)
  to   space 29696K, 0% used [0x00000000f4680000,0x00000000f4680000,0x00000000f6380000)
 ParOldGen       total 87552K, used 42008K [0x00000000a0000000, 0x00000000a5580000, 0x00000000e0000000)
  object space 87552K, 47% used [0x00000000a0000000,0x00000000a2906038,0x00000000a5580000)
 Metaspace       used 74788K, capacity 77446K, committed 77568K, reserved 1116160K
  class space    used 9914K, capacity 10486K, committed 10496K, reserved 1048576K
}
Event: 466,603 GC heap before
{Heap before GC invocations=17 (full 3):
 PSYoungGen      total 282112K, used 279163K [0x00000000e0000000, 0x00000000f6380000, 0x0000000100000000)
  eden space 256000K, 99% used [0x00000000e0000000,0x00000000ef90a370,0x00000000efa00000)
  from space 26112K, 92% used [0x00000000efa00000,0x00000000f1194c58,0x00000000f1380000)
  to   space 29696K, 0% used [0x00000000f4680000,0x00000000f4680000,0x00000000f6380000)
 ParOldGen       total 87552K, used 42008K [0x00000000a0000000, 0x00000000a5580000, 0x00000000e0000000)
  object space 87552K, 47% used [0x00000000a0000000,0x00000000a2906038,0x00000000a5580000)
 Metaspace       used 79021K, capacity 81948K, committed 82176K, reserved 1120256K
  class space    used 10279K, capacity 10905K, committed 11008K, reserved 1048576K
Event: 466,765 GC heap after
Heap after GC invocations=17 (full 3):
 PSYoungGen      total 319488K, used 29692K [0x00000000e0000000, 0x00000000f8a00000, 0x0000000100000000)
  eden space 289792K, 0% used [0x00000000e0000000,0x00000000e0000000,0x00000000f1b00000)
  from space 29696K, 99% used [0x00000000f4680000,0x00000000f637f2d0,0x00000000f6380000)
  to   space 44544K, 0% used [0x00000000f1b00000,0x00000000f1b00000,0x00000000f4680000)
 ParOldGen       total 87552K, used 68699K [0x00000000a0000000, 0x00000000a5580000, 0x00000000e0000000)
  object space 87552K, 78% used [0x00000000a0000000,0x00000000a4316c20,0x00000000a5580000)
 Metaspace       used 79021K, capacity 81948K, committed 82176K, reserved 1120256K
  class space    used 10279K, capacity 10905K, committed 11008K, reserved 1048576K
}
Event: 466,765 GC heap before
{Heap before GC invocations=18 (full 4):
 PSYoungGen      total 319488K, used 29692K [0x00000000e0000000, 0x00000000f8a00000, 0x0000000100000000)
  eden space 289792K, 0% used [0x00000000e0000000,0x00000000e0000000,0x00000000f1b00000)
  from space 29696K, 99% used [0x00000000f4680000,0x00000000f637f2d0,0x00000000f6380000)
  to   space 44544K, 0% used [0x00000000f1b00000,0x00000000f1b00000,0x00000000f4680000)
 ParOldGen       total 87552K, used 68699K [0x00000000a0000000, 0x00000000a5580000, 0x00000000e0000000)
  object space 87552K, 78% used [0x00000000a0000000,0x00000000a4316c20,0x00000000a5580000)
 Metaspace       used 79021K, capacity 81948K, committed 82176K, reserved 1120256K
  class space    used 10279K, capacity 10905K, committed 11008K, reserved 1048576K
Event: 467,860 GC heap after
Heap after GC invocations=18 (full 4):
 PSYoungGen      total 319488K, used 0K [0x00000000e0000000, 0x00000000f8a00000, 0x0000000100000000)
  eden space 289792K, 0% used [0x00000000e0000000,0x00000000e0000000,0x00000000f1b00000)
  from space 29696K, 0% used [0x00000000f4680000,0x00000000f4680000,0x00000000f6380000)
  to   space 44544K, 0% used [0x00000000f1b00000,0x00000000f1b00000,0x00000000f4680000)
 ParOldGen       total 147456K, used 83794K [0x00000000a0000000, 0x00000000a9000000, 0x00000000e0000000)
  object space 147456K, 56% used [0x00000000a0000000,0x00000000a51d4920,0x00000000a9000000)
 Metaspace       used 79021K, capacity 81948K, committed 82176K, reserved 1120256K
  class space    used 10279K, capacity 10905K, committed 11008K, reserved 1048576K
}
Event: 599,068 GC heap before
{Heap before GC invocations=19 (full 4):
 PSYoungGen      total 319488K, used 289792K [0x00000000e0000000, 0x00000000f8a00000, 0x0000000100000000)
  eden space 289792K, 100% used [0x00000000e0000000,0x00000000f1b00000,0x00000000f1b00000)
  from space 29696K, 0% used [0x00000000f4680000,0x00000000f4680000,0x00000000f6380000)
  to   space 44544K, 0% used [0x00000000f1b00000,0x00000000f1b00000,0x00000000f4680000)
 ParOldGen       total 147456K, used 83794K [0x00000000a0000000, 0x00000000a9000000, 0x00000000e0000000)
  object space 147456K, 56% used [0x00000000a0000000,0x00000000a51d4920,0x00000000a9000000)
 Metaspace       used 79656K, capacity 82788K, committed 82944K, reserved 1122304K
  class space    used 10301K, capacity 10945K, committed 11008K, reserved 1048576K
Event: 599,183 GC heap after
Heap after GC invocations=19 (full 4):
 PSYoungGen      total 334336K, used 44531K [0x00000000e0000000, 0x00000000fc780000, 0x0000000100000000)
  eden space 289792K, 0% used [0x00000000e0000000,0x00000000e0000000,0x00000000f1b00000)
  from space 44544K, 99% used [0x00000000f1b00000,0x00000000f467ccf0,0x00000000f4680000)
  to   space 56320K, 0% used [0x00000000f9080000,0x00000000f9080000,0x00000000fc780000)
 ParOldGen       total 147456K, used 94358K [0x00000000a0000000, 0x00000000a9000000, 0x00000000e0000000)
  object space 147456K, 63% used [0x00000000a0000000,0x00000000a5c25970,0x00000000a9000000)
 Metaspace       used 79656K, capacity 82788K, committed 82944K, reserved 1122304K
  class space    used 10301K, capacity 10945K, committed 11008K, reserved 1048576K
}
Event: 713,677 GC heap before
{Heap before GC invocations=20 (full 4):
 PSYoungGen      total 334336K, used 334323K [0x00000000e0000000, 0x00000000fc780000, 0x0000000100000000)
  eden space 289792K, 100% used [0x00000000e0000000,0x00000000f1b00000,0x00000000f1b00000)
  from space 44544K, 99% used [0x00000000f1b00000,0x00000000f467ccf0,0x00000000f4680000)
  to   space 56320K, 0% used [0x00000000f9080000,0x00000000f9080000,0x00000000fc780000)
 ParOldGen       total 147456K, used 94358K [0x00000000a0000000, 0x00000000a9000000, 0x00000000e0000000)
  object space 147456K, 63% used [0x00000000a0000000,0x00000000a5c25970,0x00000000a9000000)
 Metaspace       used 80300K, capacity 83796K, committed 84096K, reserved 1122304K
  class space    used 10350K, capacity 11035K, committed 11136K, reserved 1048576K

