# JRE version: OpenJDK Runtime Environment (8.0_152-b01) (build 1.8.0_152-release-1024-b01)
# Java VM: OpenJDK 64-Bit Server VM (25.152-b01 mixed mode linux-amd64 compressed oops)
Heap:
 PSYoungGen      total 311296K, used 19178K [0x00000000e0000000, 0x00000000f5600000, 0x0000000100000000)
  eden space 282624K, 0% used [0x00000000e0000000,0x00000000e0000000,0x00000000f1400000)
  from space 28672K, 66% used [0x00000000f3a00000,0x00000000f4cbaa80,0x00000000f5600000)
  to   space 22016K, 0% used [0x00000000f2480000,0x00000000f2480000,0x00000000f3a00000)
 ParOldGen       total 104448K, used 74808K [0x00000000a0000000, 0x00000000a6600000, 0x00000000e0000000)
  object space 104448K, 71% used [0x00000000a0000000,0x00000000a490e120,0x00000000a6600000)
 Metaspace       used 91562K, capacity 96396K, committed 96532K, reserved 1132544K
  class space    used 11792K, capacity 12800K, committed 12820K, reserved 1048576K
GC Heap History (10 events):
Event: 336,494 GC heap after
Heap after GC invocations=16 (full 3):
 PSYoungGen      total 261120K, used 23030K [0x00000000e0000000, 0x00000000f4500000, 0x0000000100000000)
  eden space 238080K, 0% used [0x00000000e0000000,0x00000000e0000000,0x00000000ee880000)
  from space 23040K, 99% used [0x00000000ee880000,0x00000000efefdaa8,0x00000000eff00000)
  to   space 29696K, 0% used [0x00000000f2800000,0x00000000f2800000,0x00000000f4500000)
 ParOldGen       total 104448K, used 55414K [0x00000000a0000000, 0x00000000a6600000, 0x00000000e0000000)
  object space 104448K, 53% used [0x00000000a0000000,0x00000000a361db48,0x00000000a6600000)
 Metaspace       used 76043K, capacity 79170K, committed 79380K, reserved 1118208K
  class space    used 9961K, capacity 10668K, committed 10772K, reserved 1048576K
}
Event: 1540,136 GC heap before
{Heap before GC invocations=17 (full 3):
 PSYoungGen      total 261120K, used 261110K [0x00000000e0000000, 0x00000000f4500000, 0x0000000100000000)
  eden space 238080K, 100% used [0x00000000e0000000,0x00000000ee880000,0x00000000ee880000)
  from space 23040K, 99% used [0x00000000ee880000,0x00000000efefdaa8,0x00000000eff00000)
  to   space 29696K, 0% used [0x00000000f2800000,0x00000000f2800000,0x00000000f4500000)
 ParOldGen       total 104448K, used 55414K [0x00000000a0000000, 0x00000000a6600000, 0x00000000e0000000)
  object space 104448K, 53% used [0x00000000a0000000,0x00000000a361db48,0x00000000a6600000)
 Metaspace       used 88258K, capacity 92412K, committed 92692K, reserved 1130496K
  class space    used 11596K, capacity 12532K, committed 12564K, reserved 1048576K
Event: 1540,274 GC heap after
Heap after GC invocations=17 (full 3):
 PSYoungGen      total 302080K, used 20133K [0x00000000e0000000, 0x00000000f4b00000, 0x0000000100000000)
  eden space 272384K, 0% used [0x00000000e0000000,0x00000000e0000000,0x00000000f0a00000)
  from space 29696K, 67% used [0x00000000f2800000,0x00000000f3ba9448,0x00000000f4500000)
  to   space 30720K, 0% used [0x00000000f0a00000,0x00000000f0a00000,0x00000000f2800000)
 ParOldGen       total 104448K, used 74768K [0x00000000a0000000, 0x00000000a6600000, 0x00000000e0000000)
  object space 104448K, 71% used [0x00000000a0000000,0x00000000a4904120,0x00000000a6600000)
 Metaspace       used 88258K, capacity 92412K, committed 92692K, reserved 1130496K
  class space    used 11596K, capacity 12532K, committed 12564K, reserved 1048576K
}
Event: 1882,855 GC heap before
{Heap before GC invocations=18 (full 3):
 PSYoungGen      total 302080K, used 292517K [0x00000000e0000000, 0x00000000f4b00000, 0x0000000100000000)
  eden space 272384K, 100% used [0x00000000e0000000,0x00000000f0a00000,0x00000000f0a00000)
  from space 29696K, 67% used [0x00000000f2800000,0x00000000f3ba9448,0x00000000f4500000)
  to   space 30720K, 0% used [0x00000000f0a00000,0x00000000f0a00000,0x00000000f2800000)
 ParOldGen       total 104448K, used 74768K [0x00000000a0000000, 0x00000000a6600000, 0x00000000e0000000)
  object space 104448K, 71% used [0x00000000a0000000,0x00000000a4904120,0x00000000a6600000)
 Metaspace       used 89528K, capacity 93896K, committed 94100K, reserved 1130496K
  class space    used 11664K, capacity 12610K, committed 12692K, reserved 1048576K
Event: 1882,917 GC heap after
Heap after GC invocations=18 (full 3):
 PSYoungGen      total 303104K, used 15402K [0x00000000e0000000, 0x00000000f6800000, 0x0000000100000000)
  eden space 272384K, 0% used [0x00000000e0000000,0x00000000e0000000,0x00000000f0a00000)
  from space 30720K, 50% used [0x00000000f0a00000,0x00000000f190aa30,0x00000000f2800000)
  to   space 29696K, 0% used [0x00000000f4b00000,0x00000000f4b00000,0x00000000f6800000)
 ParOldGen       total 104448K, used 74784K [0x00000000a0000000, 0x00000000a6600000, 0x00000000e0000000)
  object space 104448K, 71% used [0x00000000a0000000,0x00000000a4908120,0x00000000a6600000)
 Metaspace       used 89528K, capacity 93896K, committed 94100K, reserved 1130496K
  class space    used 11664K, capacity 12610K, committed 12692K, reserved 1048576K
}
Event: 2204,729 GC heap before
{Heap before GC invocations=19 (full 3):
 PSYoungGen      total 303104K, used 287786K [0x00000000e0000000, 0x00000000f6800000, 0x0000000100000000)
  eden space 272384K, 100% used [0x00000000e0000000,0x00000000f0a00000,0x00000000f0a00000)
  from space 30720K, 50% used [0x00000000f0a00000,0x00000000f190aa30,0x00000000f2800000)
  to   space 29696K, 0% used [0x00000000f4b00000,0x00000000f4b00000,0x00000000f6800000)
 ParOldGen       total 104448K, used 74784K [0x00000000a0000000, 0x00000000a6600000, 0x00000000e0000000)
  object space 104448K, 71% used [0x00000000a0000000,0x00000000a4908120,0x00000000a6600000)
 Metaspace       used 90879K, capacity 95656K, committed 95764K, reserved 1132544K
  class space    used 11765K, capacity 12782K, committed 12820K, reserved 1048576K
Event: 2204,846 GC heap after
Heap after GC invocations=19 (full 3):
 PSYoungGen      total 287232K, used 25706K [0x00000000e0000000, 0x00000000f6480000, 0x0000000100000000)
  eden space 261120K, 0% used [0x00000000e0000000,0x00000000e0000000,0x00000000eff00000)
  from space 26112K, 98% used [0x00000000f4b00000,0x00000000f641ab38,0x00000000f6480000)
  to   space 32768K, 0% used [0x00000000f2480000,0x00000000f2480000,0x00000000f4480000)
 ParOldGen       total 104448K, used 74792K [0x00000000a0000000, 0x00000000a6600000, 0x00000000e0000000)
  object space 104448K, 71% used [0x00000000a0000000,0x00000000a490a120,0x00000000a6600000)
 Metaspace       used 90879K, capacity 95656K, committed 95764K, reserved 1132544K
  class space    used 11765K, capacity 12782K, committed 12820K, reserved 1048576K
}
Event: 2210,845 GC heap before
{Heap before GC invocations=20 (full 3):
 PSYoungGen      total 287232K, used 286771K [0x00000000e0000000, 0x00000000f6480000, 0x0000000100000000)
  eden space 261120K, 99% used [0x00000000e0000000,0x00000000efef21b8,0x00000000eff00000)
  from space 26112K, 98% used [0x00000000f4b00000,0x00000000f641ab38,0x00000000f6480000)
  to   space 32768K, 0% used [0x00000000f2480000,0x00000000f2480000,0x00000000f4480000)
 ParOldGen       total 104448K, used 74792K [0x00000000a0000000, 0x00000000a6600000, 0x00000000e0000000)
  object space 104448K, 71% used [0x00000000a0000000,0x00000000a490a120,0x00000000a6600000)
 Metaspace       used 91553K, capacity 96332K, committed 96532K, reserved 1132544K
  class space    used 11792K, capacity 12800K, committed 12820K, reserved 1048576K
Event: 2210,930 GC heap after
Heap after GC invocations=20 (full 3):
 PSYoungGen      total 304640K, used 21724K [0x00000000e0000000, 0x00000000f5600000, 0x0000000100000000)
  eden space 282624K, 0% used [0x00000000e0000000,0x00000000e0000000,0x00000000f1400000)
  from space 22016K, 98% used [0x00000000f2480000,0x00000000f39b71d8,0x00000000f3a00000)
  to   space 28672K, 0% used [0x00000000f3a00000,0x00000000f3a00000,0x00000000f5600000)
 ParOldGen       total 104448K, used 74800K [0x00000000a0000000, 0x00000000a6600000, 0x00000000e0000000)
  object space 104448K, 71% used [0x00000000a0000000,0x00000000a490c120,0x00000000a6600000)
 Metaspace       used 91553K, capacity 96332K, committed 96532K, reserved 1132544K
  class space    used 11792K, capacity 12800K, committed 12820K, reserved 1048576K
}
Event: 2211,001 GC heap before
{Heap before GC invocations=21 (full 3):
 PSYoungGen      total 304640K, used 304229K [0x00000000e0000000, 0x00000000f5600000, 0x0000000100000000)
  eden space 282624K, 99% used [0x00000000e0000000,0x00000000f13e2568,0x00000000f1400000)
  from space 22016K, 98% used [0x00000000f2480000,0x00000000f39b71d8,0x00000000f3a00000)
  to   space 28672K, 0% used [0x00000000f3a00000,0x00000000f3a00000,0x00000000f5600000)
 ParOldGen       total 104448K, used 74800K [0x00000000a0000000, 0x00000000a6600000, 0x00000000e0000000)
  object space 104448K, 71% used [0x00000000a0000000,0x00000000a490c120,0x00000000a6600000)
 Metaspace       used 91562K, capacity 96396K, committed 96532K, reserved 1132544K
  class space    used 11792K, capacity 12800K, committed 12820K, reserved 1048576K

